Case #1: 6 4
Case #2: 1 7
Case #3: 2 4
Case #4: 1 99999997
Case #5: 1 99999999
Case #6: 3 1
Case #7: 3629071 3629069
Case #8: 77108 77106
Case #9: 15154927 15154925
Case #10: 21487934 21487932
Case #11: 110971 110969
Case #12: 3 1
Case #13: 99999999 99999997
Case #14: 4084315 4084313
Case #15: 20085334 20085332
Case #16: 33197456 33197454
Case #17: 4 2
Case #18: 98713880 98713878
Case #19: 4 2
Case #20: 40231876 40231874
Case #21: 3 1
Case #22: 36642100 36642098
Case #23: 6 4
Case #24: 82540956 82540954
Case #25: 3 1
Case #26: 99999997 99999995
Case #27: 5 3
Case #28: 48644 48642
Case #29: 82467074 82467072
Case #30: 11927312 11927310
Case #31: 5 3
Case #32: 74910076 74910074
Case #33: 1518394 1518392
Case #34: 475124 475122
Case #35: 99999997 99999995
Case #36: 24965232 24965230
Case #37: 4 2
Case #38: 62227 62225
Case #39: 1 3
Case #40: 57055322 57055320
Case #41: 53511660 53511658
Case #42: 68990639 68990637
Case #43: 1 3
Case #44: 90333387 90333385
Case #45: 23332381 23332379
Case #46: 51477974 51477972
Case #47: 87342558 87342556
Case #48: 8152108 8152106
Case #49: 1 99999997
Case #50: 100000000 99999998
Case #51: 3966181 3966179
Case #52: 19605 19603
Case #53: 26452589 26452587
Case #54: 6368569 6368567
Case #55: 3 1
Case #56: 2 4
Case #57: 5941389 5941387
Case #58: 95425954 95425952
Case #59: 7427680 7427678
Case #60: 23330684 23330682
Case #61: 4 2
Case #62: 15534290 15534288
Case #63: 11690159 11690157
Case #64: 4822746 4822744
Case #65: 75571937 75571935
Case #66: 3 1
Case #67: 13612580 13612578
Case #68: 14033263 14033261
Case #69: 63428243 63428241
Case #70: 46426751 46426749
Case #71: 8404411 8404409
Case #72: 34245946 34245944
Case #73: 1 3
Case #74: 1 3
Case #75: 99999995 99999993
Case #76: 19099254 19099252
Case #77: 1 3
Case #78: 99999997 99999995
Case #79: 64254993 64254991
Case #80: 1683975 1683973
Case #81: 4 2
Case #82: 8793393 8793391
Case #83: 2 99999998
Case #84: 99999998 99999996
Case #85: 3 1
Case #86: 2 100000000
Case #87: 4 2
Case #88: 19687031 19687029
Case #89: 83739834 83739832
Case #90: 2 4
Case #91: 12335762 12335760
Case #92: 96571654 96571652
Case #93: 1 99999997
Case #94: 2 100000000
Case #95: 99999998 99999996
Case #96: 3 1
Case #97: 100000000 99999998
Case #98: 3 1
Case #99: 1 99999999
Case #100: 56699415 56699413
