Case #1: 6 4
Case #2: 1 7
Case #3: 2 4
Case #4: 3 1
Case #5: 9 7
Case #6: 4 2
Case #7: 6 4
Case #8: 4 2
Case #9: 3 1
Case #10: 1 3
Case #11: 8 6
Case #12: 4 2
Case #13: 2 6
Case #14: 7 5
Case #15: 6 4
Case #16: 2 4
Case #17: 3 1
Case #18: 3 1
Case #19: 2 6
Case #20: 5 3
Case #21: 1 9
Case #22: 5 3
Case #23: 2 4
Case #24: 1 5
Case #25: 2 10
Case #26: 5 3
Case #27: 4 2
Case #28: 6 4
Case #29: 2 8
Case #30: 1 3
Case #31: 6 4
Case #32: 7 5
Case #33: 10 8
Case #34: 5 3
Case #35: 4 2
Case #36: 4 2
Case #37: 4 2
Case #38: 7 5
Case #39: 2 4
Case #40: 3 1
Case #41: 2 6
Case #42: 4 2
Case #43: 6 4
Case #44: 1 7
Case #45: 6 4
Case #46: 4 2
Case #47: 3 1
Case #48: 1 3
Case #49: 10 8
Case #50: 4 2
Case #51: 1 3
Case #52: 4 2
Case #53: 2 4
Case #54: 5 3
Case #55: 4 2
Case #56: 4 2
Case #57: 4 2
Case #58: 8 6
Case #59: 3 1
Case #60: 1 5
Case #61: 2 4
Case #62: 3 1
Case #63: 5 3
Case #64: 1 5
Case #65: 6 4
Case #66: 10 8
Case #67: 7 5
Case #68: 4 2
Case #69: 4 2
Case #70: 2 4
Case #71: 4 2
Case #72: 3 1
Case #73: 1 3
Case #74: 4 2
Case #75: 9 7
Case #76: 7 5
Case #77: 1 3
Case #78: 3 1
Case #79: 7 5
Case #80: 1 7
Case #81: 3 1
Case #82: 7 5
Case #83: 4 2
Case #84: 4 2
Case #85: 3 1
Case #86: 2 4
Case #87: 4 2
Case #88: 5 3
Case #89: 1 5
Case #90: 1 7
Case #91: 4 2
Case #92: 2 8
Case #93: 5 3
Case #94: 5 3
Case #95: 2 8
Case #96: 8 6
Case #97: 6 4
Case #98: 2 4
Case #99: 2 6
Case #100: 3 1
