Case #1: BCDEFGHIJKLMNOPQRSTUVWXYZA
Case #2: IMPOSSIBLE
Case #3: RSTUVWXYZABCDEFGHIJKLMNOPQ
Case #4: XGZVWTURSPQNKHIFDEBYOLJCAM
Case #5: ZXVWTURSPQOLMJKHIFGDEBCYNA
Case #6: IMPOSSIBLE
Case #7: IZXVWQJKFSNMDCYTURPOLHGEBA
Case #8: IMPOSSIBLE
Case #9: IMPOSSIBLE
Case #10: PWHFAZTRSOLCYVQMKIBUNJGEDX
Case #11: QSIOLJKHXYWTRNGDEBZVUPMFCA
Case #12: HFWPQYUOGEBTLJDCAZXVRMISNK
Case #13: IMPOSSIBLE
Case #14: ONGZXTSPJKBCAVRQLEWUMHFYID
Case #15: ZXYWTURSPQNOLMJKHFGDEACIBV
Case #16: CVRNKFPQOLDXWTMJHEBZYSAGUI
Case #17: DRMHBZVWJCAXYUPGESQNLKIFTO
Case #18: IMPOSSIBLE
Case #19: IMPOSSIBLE
Case #20: IMPOSSIBLE
Case #21: IMPOSSIBLE
Case #22: YZXVWTURSPQNOLMJKHIFGDECAB
Case #23: IMPOSSIBLE
Case #24: ZYVWTUSNOLMJKHIFGDEBCAXQPR
Case #25: IMPOSSIBLE
Case #26: IMPOSSIBLE
Case #27: OUPNLVKHIDCAXWRSQMGBZJETFY
Case #28: IMPOSSIBLE
Case #29: UMHFZXSQLIBAVOJKDYWTRPGCEN
Case #30: IMPOSSIBLE
Case #31: UNJRCYTSMIFGZVWQLHDXPOKBAE
Case #32: IMPOSSIBLE
Case #33: XWZURQODYVSFGTKEBCPNLIMHAJ
Case #34: RTJYVUOMFGECAZQNHIDXWLBPSK
Case #35: UGZXVTQKYSAWLJHIDECNOFBRMP
Case #36: ZTQOKDPMJHBVWURSNLFGEAYIXC
Case #37: LFQJEZYTPXURHDBVWSNKIGAMCO
Case #38: SZXYVWTURPQNLMJKHIFGDEBCAO
Case #39: IMPOSSIBLE
Case #40: IMPOSSIBLE
Case #41: IMPOSSIBLE
Case #42: IMPOSSIBLE
Case #43: ZXYWTURSPQNOLJKIGDEBCAHMVF
Case #44: YLWSOMIAXTJFZUPQNHGDBVRCEK
Case #45: IMPOSSIBLE
Case #46: IMPOSSIBLE
Case #47: IMPOSSIBLE
Case #48: RDZUYSQNOMJFGEAPKHVWLCTIBX
Case #49: IMPOSSIBLE
Case #50: IMPOSSIBLE
Case #51: IMPOSSIBLE
Case #52: IMPOSSIBLE
Case #53: IMPOSSIBLE
Case #54: TYUJIVOLMCZXSPNKGDBRQHFWEA
Case #55: IMPOSSIBLE
Case #56: OLNKEYTPMJIDAXVUSFCRQHZGBW
Case #57: IMPOSSIBLE
Case #58: IMPOSSIBLE
Case #59: RMCSOJGEBXYVWPNLKFZTQHIDUA
Case #60: ERIQOVMKFPJHDZXYSNLGWTUCAB
Case #61: IMPOSSIBLE
Case #62: GZXYVWTURSPQNOLMJKHFDEBCAI
Case #63: YZXVWTURSPQNOLMJHIFGDEBCAK
Case #64: WSAXUQMFVPOJKRNDECTIBZYLHG
Case #65: VPQNJIXTFGBURSOMZYWLKEACHD
Case #66: UFBTMJZLKHIXYVWRSPNQOGECAD
Case #67: IMPOSSIBLE
Case #68: IMPOSSIBLE
Case #69: IMPOSSIBLE
Case #70: IMPOSSIBLE
Case #71: XSPDYTJKGEBCWNOLIFUQMAZRHV
Case #72: SZXYVTURPQNOLMJKHIFGDEBCAW
Case #73: ZXYVURSPQNOLJKHIGDEBCATFWM
Case #74: NTYVWURSQOJGECZLMKHIFXPDAB
Case #75: ZXVWURSPQNOLMJKHIGEBCADYTF
Case #76: YRSJIWTUPNKHEOLMFBCZVGDXQA
Case #77: JNFATRQKHBCZXVWPOLMEYUSGDI
Case #78: IMPOSSIBLE
Case #79: IMPOSSIBLE
Case #80: IMPOSSIBLE
Case #81: IMPOSSIBLE
Case #82: IMPOSSIBLE
Case #83: IMPOSSIBLE
Case #84: JCAYTMDZRPFBVUNLKHGWSQOIEX
Case #85: FKWUNZVTSJGAYQOHDPLMECXRIB
Case #86: FZIXVSNLMGBYWUPQOKHDCTEJAR
Case #87: CFGRNUSIAZWKDBXYPOHVTQMELJ
Case #88: NKHDETRJICAWUPOLFXVMGBZSQY
Case #89: IMPOSSIBLE
Case #90: NXYVWEUSKHGZPJIDBTQMFCAROL
Case #91: IMPOSSIBLE
Case #92: IMPOSSIBLE
Case #93: SWQIZXVMHAYURNOFDEBCPLKGJT
Case #94: IMPOSSIBLE
Case #95: BNJZRQMHIFDXVWTOLGECSKYUPA
Case #96: JURZWTSPLMYKDECXNGVQOHIBFA
Case #97: IMPOSSIBLE
Case #98: VQCYTURNHIGXPLJKEBZWSOMAFD
Case #99: UENFXYTQOJDCZVWRPMHIALGBKS
Case #100: XVMRNPASQFGTBYWKOJICUZHEDL
