Case #1: BCDEFGHIJKLMNOPQRSTUVWXYZA
Case #2: IMPOSSIBLE
Case #3: RSTUVWXYZABCDEFGHIJKLMNOPQ
Case #4: XGZVWTURSPQNKHIFDEBYOLJCAM
Case #5: ZXVWTURSPQOLMJKHIFGDEBCYNA
Case #6: IMPOSSIBLE
Case #7: IZXVWQJKFSNMDCYTURPOLHGEBA
Case #8: IMPOSSIBLE
Case #9: TZYVWURSPQNOLMJKHIFGDEBCAX
error
Case #10: IMPOSSIBLE
Case #11: VWSEQOMJFAZXPNKGDCYUHIBTRL
error
Case #12: IMPOSSIBLE
Case #13: IMPOSSIBLE
Case #14: IFUJKGVWRSNOMEBZYTCXQHAPDL
Case #15: HZXYVWTURSPQNOLMJKIFGDEBAC
Case #16: ZYVTURSPQNOLMKHFGDECAWJIXB
Case #17: XBUOZVWRPMJHDEAYTQLKIGFSCN
Case #18: FUZQBKYNOMLIXVWGDHCTPESRJA
Case #19: NIVRSBAZYQJHGMKDEXWTUOFCLP
Case #20: KUZYVWRJGDAXQOHIECTPNLFBSM
Case #21: KCGWSNOLMFDEBZXTRPQYUHAVJI
Case #22: KWODBTPJHICVMFGEAYURSQNLZX
Case #23: MSPQJGCZXVWTRDNLKEYIFUOHBA
error
Case #24: IMPOSSIBLE
Case #25: ZXYWRSPQNOMJHIFGDEBCAVLKUT
error
Case #26: IMPOSSIBLE
error
Case #27: IMPOSSIBLE
error
Case #28: IMPOSSIBLE
error
Case #29: IMPOSSIBLE
Case #30: IMPOSSIBLE
Case #31: JDAWTNHFXYURSPQMKBCZVOLIGE
Case #32: CJWUQXVNOMKIEBYFDAZRPHTSLG
Case #33: DHEYWLJKAXTUOMCZSNGVPQIFBR
error
Case #34: IMPOSSIBLE
Case #35: NZXYVWTURSPQOLMJKHIFGDEBAC
error
Case #36: IMPOSSIBLE
error
Case #37: IMPOSSIBLE
error
Case #38: IMPOSSIBLE
error
Case #39: IMPOSSIBLE
error
Case #40: IMPOSSIBLE
Case #41: IMPOSSIBLE
error
Case #42: IMPOSSIBLE
Case #43: QEXVMKDYPNOIATSFGCZWRJBULH
Case #44: IMPOSSIBLE
Case #45: BMVZURSXYWTQLIEPKNJHFDCAOG
error
Case #46: IMPOSSIBLE
Case #47: IMPOSSIBLE
Case #48: VUQEZXSNMHIGDCYOFBAWRPJTLK
Case #49: RKCAHZXWTSPNMJIYFGEBUQLVDO
Case #50: XPDECYNOLZUSQMJKHBAVTRIFWG
Case #51: OFULXWEZYVPNCARQJKBHDIGTSM
error
Case #52: IMPOSSIBLE
Case #53: JVKCXYTQLMGDBZWHEURSPOIAFN
Case #54: AYVSBZWURNLKGXMIDETPOHQJCF
error
Case #55: IMPOSSIBLE
Case #56: CZXYVWTURSPQNOLMKHIFGDEBAJ
error
Case #57: IMPOSSIBLE
error
Case #58: IMPOSSIBLE
error
Case #59: IMPOSSIBLE
Case #60: ZBCXYSOMIEURPLHFGDAVQKWTNJ
Case #61: TZXYVWURSPQNOLMJKHIFDEBCAG
error
Case #62: IMPOSSIBLE
error
Case #63: IMPOSSIBLE
error
Case #64: IMPOSSIBLE
Case #65: OCSLXJIWEAYRPHDBZTUNFQKGMV
Case #66: VRHNAUKBPJZDCXWYSQIGETLFMO
error
Case #67: IMPOSSIBLE
Case #68: IMPOSSIBLE
Case #69: HFUGZXQNLMECYWROJKDBAVPTSI
Case #70: MSDUQJFZOLGBPHIEAXYVWNKCTR
Case #71: ZNCWTRSQLAXVMJKGDEUOHIBYPF
Case #72: XUJZVRQOKHDCYPNLIFEATSMWGB
error
Case #73: IMPOSSIBLE
Case #74: ZBIGCYRSOMAWTPNLHDEXVUQJKF
Case #75: IMPOSSIBLE
Case #76: LMCJZXPQGVWRNODEBYSTUKHIFA
Case #77: ZXYVTURPNOLMKHIFGDEBCWJASQ
Case #78: GDVTRPNFXYWSQLMKHIEBCZUOJA
Case #79: GZVOJICYWPMKASHFTRQNDEBLUX
Case #80: IMPOSSIBLE
Case #81: CYSBZXVQFDAWTRNLJGUPOMKHIE
Case #82: UKVQOZXRLMHYWIDEBTNASFGCPJ
Case #83: IMPOSSIBLE
Case #84: RWKEXSNZYTIAVUPQLBMHGOJFDC
error
Case #85: IMPOSSIBLE
Case #86: ZXVWTRSPQNOMJKIFGDEBAYLHCU
Case #87: IMPOSSIBLE
Case #88: SQMHEVNOKDXYTPLGBCAWURJFZI
error
Case #89: IMPOSSIBLE
Case #90: IVTAXURSQNMKHBWJDEZYPLFCOG
Case #91: IMPOSSIBLE
error
Case #92: IMPOSSIBLE
Case #93: MDNJXYRSPLHCAZVTUQOEKFBWIG
error
Case #94: IMPOSSIBLE
Case #95: LEWSIDYVURPNHXTQOKCAMJFBZG
Case #96: WSPOKZYTQNMIFCXVLJDURGBAHE
Case #97: ZXYVWTUPQNOMJKHIFGDEBCALRS
error
Case #98: IMPOSSIBLE
Case #99: QCWKZXSHTRJDBYUFEVPNOLAMGI
Case #100: BWIZVTUJFGDEAYOMXRSNLKHCQP
