Case #1: BCDEFGHIJKLMNOPQRSTUVWXYZA
Case #2: IMPOSSIBLE
Case #3: RSTUVWXYZABCDEFGHIJKLMNOPQ
Case #4: FGHIJKLMNOPQRSTUVWXYZABCDE
Case #5: OPQRSTUVWXYZABCDEFGHIJKLMN
Case #6: ZABCDEFGHIJKLMNOPQRSTUVWXY
Case #7: ZABCDEFGHIJKLMNOPQRSTUVWXY
Case #8: QRSTUVWXYZABCDEFGHIJKLMNOP
Case #9: PQRSTUVWXYZABCDEFGHIJKLMNO
Case #10: STUVWXYZABCDEFGHIJKLMNOPQR
Case #11: OPQRSTUVWXYZABCDEFGHIJKLMN
Case #12: QRSTUVWXYZABCDEFGHIJKLMNOP
Case #13: OPQRSTUVWXYZABCDEFGHIJKLMN
Case #14: OPQRSTUVWXYZABCDEFGHIJKLMN
Case #15: XYZABCDEFGHIJKLMNOPQRSTUVW
Case #16: LMNOPQRSTUVWXYZABCDEFGHIJK
Case #17: HIJKLMNOPQRSTUVWXYZABCDEFG
Case #18: PQRSTUVWXYZABCDEFGHIJKLMNO
Case #19: JKLMNOPQRSTUVWXYZABCDEFGHI
Case #20: IJKLMNOPQRSTUVWXYZABCDEFGH
Case #21: IMPOSSIBLE
Case #22: UVWXYZABCDEFGHIJKLMNOPQRST
Case #23: NOPQRSTUVWXYZABCDEFGHIJKLM
Case #24: UVWXYZABCDEFGHIJKLMNOPQRST
Case #25: GHIJKLMNOPQRSTUVWXYZABCDEF
Case #26: OPQRSTUVWXYZABCDEFGHIJKLMN
Case #27: VWXYZABCDEFGHIJKLMNOPQRSTU
Case #28: TUVWXYZABCDEFGHIJKLMNOPQRS
Case #29: STUVWXYZABCDEFGHIJKLMNOPQR
Case #30: OPQRSTUVWXYZABCDEFGHIJKLMN
Case #31: DEFGHIJKLMNOPQRSTUVWXYZABC
Case #32: BCDEFGHIJKLMNOPQRSTUVWXYZA
Case #33: ZABCDEFGHIJKLMNOPQRSTUVWXY
Case #34: UVWXYZABCDEFGHIJKLMNOPQRST
Case #35: ZABCDEFGHIJKLMNOPQRSTUVWXY
Case #36: EFGHIJKLMNOPQRSTUVWXYZABCD
Case #37: ABCDEFGHIJKLMNOPQRSTUVWXYZ
Case #38: OPQRSTUVWXYZABCDEFGHIJKLMN
Case #39: RSTUVWXYZABCDEFGHIJKLMNOPQ
Case #40: IJKLMNOPQRSTUVWXYZABCDEFGH
Case #41: KLMNOPQRSTUVWXYZABCDEFGHIJ
Case #42: GHIJKLMNOPQRSTUVWXYZABCDEF
Case #43: STUVWXYZABCDEFGHIJKLMNOPQR
Case #44: STUVWXYZABCDEFGHIJKLMNOPQR
Case #45: OPQRSTUVWXYZABCDEFGHIJKLMN
Case #46: DEFGHIJKLMNOPQRSTUVWXYZABC
Case #47: OPQRSTUVWXYZABCDEFGHIJKLMN
Case #48: NOPQRSTUVWXYZABCDEFGHIJKLM
Case #49: OPQRSTUVWXYZABCDEFGHIJKLMN
Case #50: STUVWXYZABCDEFGHIJKLMNOPQR
Case #51: HIJKLMNOPQRSTUVWXYZABCDEFG
Case #52: ABCDEFGHIJKLMNOPQRSTUVWXYZ
Case #53: XYZABCDEFGHIJKLMNOPQRSTUVW
Case #54: BCDEFGHIJKLMNOPQRSTUVWXYZA
Case #55: QRSTUVWXYZABCDEFGHIJKLMNOP
Case #56: OPQRSTUVWXYZABCDEFGHIJKLMN
Case #57: WXYZABCDEFGHIJKLMNOPQRSTUV
Case #58: OPQRSTUVWXYZABCDEFGHIJKLMN
Case #59: OPQRSTUVWXYZABCDEFGHIJKLMN
Case #60: JKLMNOPQRSTUVWXYZABCDEFGHI
Case #61: DEFGHIJKLMNOPQRSTUVWXYZABC
Case #62: TUVWXYZABCDEFGHIJKLMNOPQRS
Case #63: FGHIJKLMNOPQRSTUVWXYZABCDE
Case #64: OPQRSTUVWXYZABCDEFGHIJKLMN
Case #65: OPQRSTUVWXYZABCDEFGHIJKLMN
Case #66: BCDEFGHIJKLMNOPQRSTUVWXYZA
Case #67: CDEFGHIJKLMNOPQRSTUVWXYZAB
Case #68: NOPQRSTUVWXYZABCDEFGHIJKLM
Case #69: OPQRSTUVWXYZABCDEFGHIJKLMN
Case #70: OPQRSTUVWXYZABCDEFGHIJKLMN
Case #71: YZABCDEFGHIJKLMNOPQRSTUVWX
Case #72: WXYZABCDEFGHIJKLMNOPQRSTUV
Case #73: ZABCDEFGHIJKLMNOPQRSTUVWXY
Case #74: OPQRSTUVWXYZABCDEFGHIJKLMN
Case #75: VWXYZABCDEFGHIJKLMNOPQRSTU
Case #76: MNOPQRSTUVWXYZABCDEFGHIJKL
Case #77: WXYZABCDEFGHIJKLMNOPQRSTUV
Case #78: NOPQRSTUVWXYZABCDEFGHIJKLM
Case #79: DEFGHIJKLMNOPQRSTUVWXYZABC
Case #80: OPQRSTUVWXYZABCDEFGHIJKLMN
Case #81: OPQRSTUVWXYZABCDEFGHIJKLMN
Case #82: PQRSTUVWXYZABCDEFGHIJKLMNO
Case #83: UVWXYZABCDEFGHIJKLMNOPQRST
Case #84: OPQRSTUVWXYZABCDEFGHIJKLMN
Case #85: OPQRSTUVWXYZABCDEFGHIJKLMN
Case #86: EFGHIJKLMNOPQRSTUVWXYZABCD
Case #87: OPQRSTUVWXYZABCDEFGHIJKLMN
Case #88: DEFGHIJKLMNOPQRSTUVWXYZABC
Case #89: OPQRSTUVWXYZABCDEFGHIJKLMN
Case #90: LMNOPQRSTUVWXYZABCDEFGHIJK
Case #91: XYZABCDEFGHIJKLMNOPQRSTUVW
Case #92: BCDEFGHIJKLMNOPQRSTUVWXYZA
Case #93: OPQRSTUVWXYZABCDEFGHIJKLMN
Case #94: JKLMNOPQRSTUVWXYZABCDEFGHI
Case #95: MNOPQRSTUVWXYZABCDEFGHIJKL
Case #96: ABCDEFGHIJKLMNOPQRSTUVWXYZ
Case #97: OPQRSTUVWXYZABCDEFGHIJKLMN
Case #98: IMPOSSIBLE
Case #99: OPQRSTUVWXYZABCDEFGHIJKLMN
Case #100: KLMNOPQRSTUVWXYZABCDEFGHIJ
