Case #1: BCDEFGHIJKLMNOPQRSTUVWXYZA
Case #2: IMPOSSIBLE
Case #3: RSTUVWXYZABCDEFGHIJKLMNOPQ
{'A': set(['O']), 'C': set(['J']), 'B': set([]), 'E': set([]), 'D': set([]), 'G': set(['C']), 'F': set([]), 'I': set([]), 'H': set([]), 'K': set([]), 'J': set(['K']), 'M': set(['A', 'G']), 'L': set(['M']), 'O': set(['M']), 'N': set([]), 'Q': set([]), 'P': set([]), 'S': set([]), 'R': set([]), 'U': set([]), 'T': set([]), 'W': set([]), 'V': set([]), 'Y': set(['Z']), 'X': set(['Y']), 'Z': set([])}
{'A': set(['O']), 'C': set(['J']), 'B': set([]), 'E': set([]), 'D': set([]), 'G': set(['C']), 'F': set([]), 'I': set([]), 'H': set([]), 'K': set([]), 'J': set(['K']), 'M': set(['A', 'G']), 'L': set(['M']), 'O': set(['M']), 'N': set([]), 'Q': set([]), 'P': set([]), 'S': set([]), 'R': set([]), 'U': set([]), 'T': set([]), 'W': set([]), 'V': set([]), 'Y': set([]), 'X': set(['Y'])}
{'A': set(['O']), 'C': set(['J']), 'B': set([]), 'E': set([]), 'D': set([]), 'G': set(['C']), 'F': set([]), 'I': set([]), 'H': set([]), 'K': set([]), 'J': set(['K']), 'M': set(['A', 'G']), 'L': set(['M']), 'O': set(['M']), 'N': set([]), 'Q': set([]), 'P': set([]), 'S': set([]), 'R': set([]), 'U': set([]), 'T': set([]), 'W': set([]), 'V': set([]), 'X': set([])}
{'A': set(['O']), 'C': set(['J']), 'B': set([]), 'E': set([]), 'D': set([]), 'G': set(['C']), 'F': set([]), 'I': set([]), 'H': set([]), 'K': set([]), 'J': set(['K']), 'M': set(['A', 'G']), 'L': set(['M']), 'O': set(['M']), 'N': set([]), 'Q': set([]), 'P': set([]), 'S': set([]), 'R': set([]), 'U': set([]), 'T': set([]), 'W': set([]), 'V': set([])}
{'A': set(['O']), 'C': set(['J']), 'B': set([]), 'E': set([]), 'D': set([]), 'G': set(['C']), 'F': set([]), 'I': set([]), 'H': set([]), 'K': set([]), 'J': set(['K']), 'M': set(['A', 'G']), 'L': set(['M']), 'O': set(['M']), 'N': set([]), 'Q': set([]), 'P': set([]), 'S': set([]), 'R': set([]), 'U': set([]), 'T': set([]), 'V': set([])}
{'A': set(['O']), 'C': set(['J']), 'B': set([]), 'E': set([]), 'D': set([]), 'G': set(['C']), 'F': set([]), 'I': set([]), 'H': set([]), 'K': set([]), 'J': set(['K']), 'M': set(['A', 'G']), 'L': set(['M']), 'O': set(['M']), 'N': set([]), 'Q': set([]), 'P': set([]), 'S': set([]), 'R': set([]), 'U': set([]), 'T': set([])}
{'A': set(['O']), 'C': set(['J']), 'B': set([]), 'E': set([]), 'D': set([]), 'G': set(['C']), 'F': set([]), 'I': set([]), 'H': set([]), 'K': set([]), 'J': set(['K']), 'M': set(['A', 'G']), 'L': set(['M']), 'O': set(['M']), 'N': set([]), 'Q': set([]), 'P': set([]), 'S': set([]), 'R': set([]), 'T': set([])}
{'A': set(['O']), 'C': set(['J']), 'B': set([]), 'E': set([]), 'D': set([]), 'G': set(['C']), 'F': set([]), 'I': set([]), 'H': set([]), 'K': set([]), 'J': set(['K']), 'M': set(['A', 'G']), 'L': set(['M']), 'O': set(['M']), 'N': set([]), 'Q': set([]), 'P': set([]), 'S': set([]), 'R': set([])}
{'A': set(['O']), 'C': set(['J']), 'B': set([]), 'E': set([]), 'D': set([]), 'G': set(['C']), 'F': set([]), 'I': set([]), 'H': set([]), 'K': set([]), 'J': set(['K']), 'M': set(['A', 'G']), 'L': set(['M']), 'O': set(['M']), 'N': set([]), 'Q': set([]), 'P': set([]), 'R': set([])}
{'A': set(['O']), 'C': set(['J']), 'B': set([]), 'E': set([]), 'D': set([]), 'G': set(['C']), 'F': set([]), 'I': set([]), 'H': set([]), 'K': set([]), 'J': set(['K']), 'M': set(['A', 'G']), 'L': set(['M']), 'O': set(['M']), 'N': set([]), 'Q': set([]), 'P': set([])}
{'A': set(['O']), 'C': set(['J']), 'B': set([]), 'E': set([]), 'D': set([]), 'G': set(['C']), 'F': set([]), 'I': set([]), 'H': set([]), 'K': set([]), 'J': set(['K']), 'M': set(['A', 'G']), 'L': set(['M']), 'O': set(['M']), 'N': set([]), 'P': set([])}
{'A': set(['O']), 'C': set(['J']), 'B': set([]), 'E': set([]), 'D': set([]), 'G': set(['C']), 'F': set([]), 'I': set([]), 'H': set([]), 'K': set([]), 'J': set(['K']), 'M': set(['A', 'G']), 'L': set(['M']), 'O': set(['M']), 'N': set([])}
{'A': set([]), 'C': set(['J']), 'B': set([]), 'E': set([]), 'D': set([]), 'G': set(['C']), 'F': set([]), 'I': set([]), 'H': set([]), 'K': set([]), 'J': set(['K']), 'M': set(['A', 'G']), 'L': set(['M']), 'N': set([])}
{'A': set([]), 'C': set(['J']), 'B': set([]), 'E': set([]), 'D': set([]), 'G': set(['C']), 'F': set([]), 'I': set([]), 'H': set([]), 'K': set([]), 'J': set(['K']), 'M': set(['A', 'G']), 'L': set(['M'])}
{'A': set([]), 'C': set(['J']), 'B': set([]), 'E': set([]), 'D': set([]), 'G': set(['C']), 'F': set([]), 'I': set([]), 'H': set([]), 'K': set([]), 'J': set(['K']), 'L': set([])}
{'A': set([]), 'C': set(['J']), 'B': set([]), 'E': set([]), 'D': set([]), 'G': set(['C']), 'F': set([]), 'I': set([]), 'H': set([]), 'K': set([]), 'J': set(['K'])}
{'A': set([]), 'C': set(['J']), 'B': set([]), 'E': set([]), 'D': set([]), 'G': set(['C']), 'F': set([]), 'I': set([]), 'H': set([]), 'J': set([])}
{'A': set([]), 'C': set([]), 'B': set([]), 'E': set([]), 'D': set([]), 'G': set(['C']), 'F': set([]), 'I': set([]), 'H': set([])}
{'A': set([]), 'C': set([]), 'B': set([]), 'E': set([]), 'D': set([]), 'G': set(['C']), 'F': set([]), 'H': set([])}
{'A': set([]), 'C': set([]), 'B': set([]), 'E': set([]), 'D': set([]), 'G': set(['C']), 'F': set([])}
{'A': set([]), 'C': set([]), 'B': set([]), 'E': set([]), 'D': set([]), 'F': set([])}
{'A': set([]), 'C': set([]), 'B': set([]), 'E': set([]), 'D': set([])}
{'A': set([]), 'C': set([]), 'B': set([]), 'D': set([])}
{'A': set([]), 'C': set([]), 'B': set([])}
{'A': set([]), 'B': set([])}
{'A': set([])}
Case #4: ZYXWVUTSRQPONMLKJIHGFEDCBA
{'A': set(['B']), 'C': set([]), 'B': set([]), 'E': set([]), 'D': set([]), 'G': set([]), 'F': set([]), 'I': set([]), 'H': set([]), 'K': set([]), 'J': set([]), 'M': set([]), 'L': set([]), 'O': set([]), 'N': set(['M']), 'Q': set([]), 'P': set([]), 'S': set([]), 'R': set([]), 'U': set([]), 'T': set([]), 'W': set([]), 'V': set([]), 'Y': set(['Z']), 'X': set([]), 'Z': set([])}
{'A': set(['B']), 'C': set([]), 'B': set([]), 'E': set([]), 'D': set([]), 'G': set([]), 'F': set([]), 'I': set([]), 'H': set([]), 'K': set([]), 'J': set([]), 'M': set([]), 'L': set([]), 'O': set([]), 'N': set(['M']), 'Q': set([]), 'P': set([]), 'S': set([]), 'R': set([]), 'U': set([]), 'T': set([]), 'W': set([]), 'V': set([]), 'Y': set([]), 'X': set([])}
{'A': set(['B']), 'C': set([]), 'B': set([]), 'E': set([]), 'D': set([]), 'G': set([]), 'F': set([]), 'I': set([]), 'H': set([]), 'K': set([]), 'J': set([]), 'M': set([]), 'L': set([]), 'O': set([]), 'N': set(['M']), 'Q': set([]), 'P': set([]), 'S': set([]), 'R': set([]), 'U': set([]), 'T': set([]), 'W': set([]), 'V': set([]), 'X': set([])}
{'A': set(['B']), 'C': set([]), 'B': set([]), 'E': set([]), 'D': set([]), 'G': set([]), 'F': set([]), 'I': set([]), 'H': set([]), 'K': set([]), 'J': set([]), 'M': set([]), 'L': set([]), 'O': set([]), 'N': set(['M']), 'Q': set([]), 'P': set([]), 'S': set([]), 'R': set([]), 'U': set([]), 'T': set([]), 'W': set([]), 'V': set([])}
{'A': set(['B']), 'C': set([]), 'B': set([]), 'E': set([]), 'D': set([]), 'G': set([]), 'F': set([]), 'I': set([]), 'H': set([]), 'K': set([]), 'J': set([]), 'M': set([]), 'L': set([]), 'O': set([]), 'N': set(['M']), 'Q': set([]), 'P': set([]), 'S': set([]), 'R': set([]), 'U': set([]), 'T': set([]), 'V': set([])}
{'A': set(['B']), 'C': set([]), 'B': set([]), 'E': set([]), 'D': set([]), 'G': set([]), 'F': set([]), 'I': set([]), 'H': set([]), 'K': set([]), 'J': set([]), 'M': set([]), 'L': set([]), 'O': set([]), 'N': set(['M']), 'Q': set([]), 'P': set([]), 'S': set([]), 'R': set([]), 'U': set([]), 'T': set([])}
{'A': set(['B']), 'C': set([]), 'B': set([]), 'E': set([]), 'D': set([]), 'G': set([]), 'F': set([]), 'I': set([]), 'H': set([]), 'K': set([]), 'J': set([]), 'M': set([]), 'L': set([]), 'O': set([]), 'N': set(['M']), 'Q': set([]), 'P': set([]), 'S': set([]), 'R': set([]), 'T': set([])}
{'A': set(['B']), 'C': set([]), 'B': set([]), 'E': set([]), 'D': set([]), 'G': set([]), 'F': set([]), 'I': set([]), 'H': set([]), 'K': set([]), 'J': set([]), 'M': set([]), 'L': set([]), 'O': set([]), 'N': set(['M']), 'Q': set([]), 'P': set([]), 'S': set([]), 'R': set([])}
{'A': set(['B']), 'C': set([]), 'B': set([]), 'E': set([]), 'D': set([]), 'G': set([]), 'F': set([]), 'I': set([]), 'H': set([]), 'K': set([]), 'J': set([]), 'M': set([]), 'L': set([]), 'O': set([]), 'N': set(['M']), 'Q': set([]), 'P': set([]), 'R': set([])}
{'A': set(['B']), 'C': set([]), 'B': set([]), 'E': set([]), 'D': set([]), 'G': set([]), 'F': set([]), 'I': set([]), 'H': set([]), 'K': set([]), 'J': set([]), 'M': set([]), 'L': set([]), 'O': set([]), 'N': set(['M']), 'Q': set([]), 'P': set([])}
{'A': set(['B']), 'C': set([]), 'B': set([]), 'E': set([]), 'D': set([]), 'G': set([]), 'F': set([]), 'I': set([]), 'H': set([]), 'K': set([]), 'J': set([]), 'M': set([]), 'L': set([]), 'O': set([]), 'N': set(['M']), 'P': set([])}
{'A': set(['B']), 'C': set([]), 'B': set([]), 'E': set([]), 'D': set([]), 'G': set([]), 'F': set([]), 'I': set([]), 'H': set([]), 'K': set([]), 'J': set([]), 'M': set([]), 'L': set([]), 'O': set([]), 'N': set(['M'])}
{'A': set(['B']), 'C': set([]), 'B': set([]), 'E': set([]), 'D': set([]), 'G': set([]), 'F': set([]), 'I': set([]), 'H': set([]), 'K': set([]), 'J': set([]), 'M': set([]), 'L': set([]), 'N': set(['M'])}
{'A': set(['B']), 'C': set([]), 'B': set([]), 'E': set([]), 'D': set([]), 'G': set([]), 'F': set([]), 'I': set([]), 'H': set([]), 'K': set([]), 'J': set([]), 'M': set([]), 'L': set([])}
{'A': set(['B']), 'C': set([]), 'B': set([]), 'E': set([]), 'D': set([]), 'G': set([]), 'F': set([]), 'I': set([]), 'H': set([]), 'K': set([]), 'J': set([]), 'L': set([])}
{'A': set(['B']), 'C': set([]), 'B': set([]), 'E': set([]), 'D': set([]), 'G': set([]), 'F': set([]), 'I': set([]), 'H': set([]), 'K': set([]), 'J': set([])}
{'A': set(['B']), 'C': set([]), 'B': set([]), 'E': set([]), 'D': set([]), 'G': set([]), 'F': set([]), 'I': set([]), 'H': set([]), 'J': set([])}
{'A': set(['B']), 'C': set([]), 'B': set([]), 'E': set([]), 'D': set([]), 'G': set([]), 'F': set([]), 'I': set([]), 'H': set([])}
{'A': set(['B']), 'C': set([]), 'B': set([]), 'E': set([]), 'D': set([]), 'G': set([]), 'F': set([]), 'H': set([])}
{'A': set(['B']), 'C': set([]), 'B': set([]), 'E': set([]), 'D': set([]), 'G': set([]), 'F': set([])}
{'A': set(['B']), 'C': set([]), 'B': set([]), 'E': set([]), 'D': set([]), 'F': set([])}
{'A': set(['B']), 'C': set([]), 'B': set([]), 'E': set([]), 'D': set([])}
{'A': set(['B']), 'C': set([]), 'B': set([]), 'D': set([])}
{'A': set(['B']), 'C': set([]), 'B': set([])}
{'A': set(['B']), 'B': set([])}
{'A': set([])}
Case #5: ZYXWVUTSRQPONMLKJIHGFEDCBA
Case #6: IMPOSSIBLE
{'A': set(['B', 'T']), 'C': set(['O']), 'B': set(['D', 'L']), 'E': set(['S', 'R']), 'D': set(['E']), 'G': set(['H', 'L']), 'F': set([]), 'I': set(['C', 'G']), 'H': set(['I', 'T']), 'K': set([]), 'J': set([]), 'M': set(['A']), 'L': set(['Y', 'E']), 'O': set(['P', 'G']), 'N': set(['C']), 'Q': set([]), 'P': set(['Y', 'H']), 'S': set(['U']), 'R': set(['I', 'M']), 'U': set(['B', 'N']), 'T': set(['A', 'O']), 'W': set([]), 'V': set([]), 'Y': set(['P', 'R']), 'X': set([]), 'Z': set([])}
{'A': set(['B', 'T']), 'C': set(['O']), 'B': set(['D', 'L']), 'E': set(['S', 'R']), 'D': set(['E']), 'G': set(['H', 'L']), 'F': set([]), 'I': set(['C', 'G']), 'H': set(['I', 'T']), 'K': set([]), 'J': set([]), 'M': set(['A']), 'L': set(['Y', 'E']), 'O': set(['P', 'G']), 'N': set(['C']), 'Q': set([]), 'P': set(['Y', 'H']), 'S': set(['U']), 'R': set(['I', 'M']), 'U': set(['B', 'N']), 'T': set(['A', 'O']), 'W': set([]), 'V': set([]), 'Y': set(['P', 'R']), 'X': set([])}
{'A': set(['B', 'T']), 'C': set(['O']), 'B': set(['D', 'L']), 'E': set(['S', 'R']), 'D': set(['E']), 'G': set(['H', 'L']), 'F': set([]), 'I': set(['C', 'G']), 'H': set(['I', 'T']), 'K': set([]), 'J': set([]), 'M': set(['A']), 'L': set(['E']), 'O': set(['P', 'G']), 'N': set(['C']), 'Q': set([]), 'P': set(['H']), 'S': set(['U']), 'R': set(['I', 'M']), 'U': set(['B', 'N']), 'T': set(['A', 'O']), 'W': set([]), 'V': set([]), 'X': set([])}
{'A': set(['B', 'T']), 'C': set(['O']), 'B': set(['D', 'L']), 'E': set(['S', 'R']), 'D': set(['E']), 'G': set(['H', 'L']), 'F': set([]), 'I': set(['C', 'G']), 'H': set(['I', 'T']), 'K': set([]), 'J': set([]), 'M': set(['A']), 'L': set(['E']), 'O': set(['P', 'G']), 'N': set(['C']), 'Q': set([]), 'P': set(['H']), 'S': set(['U']), 'R': set(['I', 'M']), 'U': set(['B', 'N']), 'T': set(['A', 'O']), 'W': set([]), 'V': set([])}
{'A': set(['B', 'T']), 'C': set(['O']), 'B': set(['D', 'L']), 'E': set(['S', 'R']), 'D': set(['E']), 'G': set(['H', 'L']), 'F': set([]), 'I': set(['C', 'G']), 'H': set(['I', 'T']), 'K': set([]), 'J': set([]), 'M': set(['A']), 'L': set(['E']), 'O': set(['P', 'G']), 'N': set(['C']), 'Q': set([]), 'P': set(['H']), 'S': set(['U']), 'R': set(['I', 'M']), 'U': set(['B', 'N']), 'T': set(['A', 'O']), 'V': set([])}
{'A': set(['B', 'T']), 'C': set(['O']), 'B': set(['D', 'L']), 'E': set(['S', 'R']), 'D': set(['E']), 'G': set(['H', 'L']), 'F': set([]), 'I': set(['C', 'G']), 'H': set(['I', 'T']), 'K': set([]), 'J': set([]), 'M': set(['A']), 'L': set(['E']), 'O': set(['P', 'G']), 'N': set(['C']), 'Q': set([]), 'P': set(['H']), 'S': set(['U']), 'R': set(['I', 'M']), 'U': set(['B', 'N']), 'T': set(['A', 'O'])}
{'A': set(['B', 'T']), 'C': set(['O']), 'B': set(['D', 'L']), 'E': set(['S', 'R']), 'D': set(['E']), 'G': set(['H', 'L']), 'F': set([]), 'I': set(['C', 'G']), 'H': set(['I', 'T']), 'K': set([]), 'J': set([]), 'M': set(['A']), 'L': set(['E']), 'O': set(['P', 'G']), 'N': set(['C']), 'Q': set([]), 'P': set(['H']), 'S': set([]), 'R': set(['I', 'M']), 'T': set(['A', 'O'])}
{'A': set(['B']), 'C': set(['O']), 'B': set(['D', 'L']), 'E': set(['S', 'R']), 'D': set(['E']), 'G': set(['H', 'L']), 'F': set([]), 'I': set(['C', 'G']), 'H': set(['I']), 'K': set([]), 'J': set([]), 'M': set(['A']), 'L': set(['E']), 'O': set(['P', 'G']), 'N': set(['C']), 'Q': set([]), 'P': set(['H']), 'S': set([]), 'R': set(['I', 'M'])}
{'A': set(['B']), 'C': set(['O']), 'B': set(['D', 'L']), 'E': set(['R']), 'D': set(['E']), 'G': set(['H', 'L']), 'F': set([]), 'I': set(['C', 'G']), 'H': set(['I']), 'K': set([]), 'J': set([]), 'M': set(['A']), 'L': set(['E']), 'O': set(['P', 'G']), 'N': set(['C']), 'Q': set([]), 'P': set(['H']), 'R': set(['I', 'M'])}
{'A': set(['B']), 'C': set(['O']), 'B': set(['D', 'L']), 'E': set([]), 'D': set(['E']), 'G': set(['H', 'L']), 'F': set([]), 'I': set(['C', 'G']), 'H': set(['I']), 'K': set([]), 'J': set([]), 'M': set(['A']), 'L': set(['E']), 'O': set(['P', 'G']), 'N': set(['C']), 'Q': set([]), 'P': set(['H'])}
{'A': set(['B']), 'C': set(['O']), 'B': set(['D', 'L']), 'E': set([]), 'D': set(['E']), 'G': set(['H', 'L']), 'F': set([]), 'I': set(['C', 'G']), 'H': set(['I']), 'K': set([]), 'J': set([]), 'M': set(['A']), 'L': set(['E']), 'O': set(['P', 'G']), 'N': set(['C']), 'P': set(['H'])}
{'A': set(['B']), 'C': set(['O']), 'B': set(['D', 'L']), 'E': set([]), 'D': set(['E']), 'G': set(['H', 'L']), 'F': set([]), 'I': set(['C', 'G']), 'H': set(['I']), 'K': set([]), 'J': set([]), 'M': set(['A']), 'L': set(['E']), 'O': set(['G']), 'N': set(['C'])}
{'A': set(['B']), 'C': set([]), 'B': set(['D', 'L']), 'E': set([]), 'D': set(['E']), 'G': set(['H', 'L']), 'F': set([]), 'I': set(['C', 'G']), 'H': set(['I']), 'K': set([]), 'J': set([]), 'M': set(['A']), 'L': set(['E']), 'N': set(['C'])}
{'A': set(['B']), 'C': set([]), 'B': set(['D', 'L']), 'E': set([]), 'D': set(['E']), 'G': set(['H', 'L']), 'F': set([]), 'I': set(['C', 'G']), 'H': set(['I']), 'K': set([]), 'J': set([]), 'M': set(['A']), 'L': set(['E'])}
{'A': set(['B']), 'C': set([]), 'B': set(['D', 'L']), 'E': set([]), 'D': set(['E']), 'G': set(['H', 'L']), 'F': set([]), 'I': set(['C', 'G']), 'H': set(['I']), 'K': set([]), 'J': set([]), 'L': set(['E'])}
{'A': set(['B']), 'C': set([]), 'B': set(['D']), 'E': set([]), 'D': set(['E']), 'G': set(['H']), 'F': set([]), 'I': set(['C', 'G']), 'H': set(['I']), 'K': set([]), 'J': set([])}
{'A': set(['B']), 'C': set([]), 'B': set(['D']), 'E': set([]), 'D': set(['E']), 'G': set(['H']), 'F': set([]), 'I': set(['C', 'G']), 'H': set(['I']), 'J': set([])}
{'A': set(['B']), 'C': set([]), 'B': set(['D']), 'E': set([]), 'D': set(['E']), 'G': set(['H']), 'F': set([]), 'I': set(['C', 'G']), 'H': set(['I'])}
{'A': set(['B']), 'C': set([]), 'B': set(['D']), 'E': set([]), 'D': set(['E']), 'G': set(['H']), 'F': set([]), 'H': set([])}
{'A': set(['B']), 'C': set([]), 'B': set(['D']), 'E': set([]), 'D': set(['E']), 'G': set([]), 'F': set([])}
{'A': set(['B']), 'C': set([]), 'B': set(['D']), 'E': set([]), 'D': set(['E']), 'F': set([])}
{'A': set(['B']), 'C': set([]), 'B': set(['D']), 'E': set([]), 'D': set(['E'])}
{'A': set(['B']), 'C': set([]), 'B': set(['D']), 'D': set([])}
{'A': set(['B']), 'C': set([]), 'B': set([])}
{'A': set(['B']), 'B': set([])}
{'A': set([])}
Case #7: ZYXWVUTSRQPONMLKJIHGFEDCBA
